#
# A fatal error has been detected by the Java Runtime Environment:
#
#  EXCEPTION_ACCESS_VIOLATION (0xc0000005) at pc=0x00007ffec0502224, pid=5900, tid=260
#
# JRE version: Java(TM) SE Runtime Environment (8.0_91-b14) (build 1.8.0_91-b14)
# Java VM: Java HotSpot(TM) 64-Bit Server VM (25.91-b14 mixed mode windows-amd64 compressed oops)
# Problematic frame:
# C  [OPENGL32.dll+0xe2224]
#
# Failed to write core dump. Minidumps are not enabled by default on client versions of Windows
#
# If you would like to submit a bug report, please visit:
#   http://bugreport.java.com/bugreport/crash.jsp
#

---------------  T H R E A D  ---------------

Current thread (0x000000001bfe9000):  VMThread [stack: 0x000000001dce0000,0x000000001dde0000] [id=260]

siginfo: ExceptionCode=0xc0000005, reading address 0x0000000000000a38

Registers:
RAX=0x0000000000000000, RBX=0x0000000031802710, RCX=0x0000000000000001, RDX=0x0000000031802718
RSP=0x000000001dddf398, RBP=0x0000000000000000, RSI=0x000000002610ce40, RDI=0x000000002610ce40
R8 =0x000000001dddf418, R9 =0x000000001be75400, R10=0x0000000000000000, R11=0x0000000000000246
R12=0x0000000000000000, R13=0x0000000026108aa8, R14=0x0000000026108960, R15=0x0000000000000000
RIP=0x00007ffec0502224, EFLAGS=0x0000000000010287

Top of Stack: (sp=0x000000001dddf398)
0x000000001dddf398:   00007ffeb761205b 0000000026108aa8
0x000000001dddf3a8:   0000000000000001 0000000026100000
0x000000001dddf3b8:   00007ffed8c10ad9 0000000000000000
0x000000001dddf3c8:   00007ffeb76176f7 0000000000000000
0x000000001dddf3d8:   0000000000000000 0000000026108a90
0x000000001dddf3e8:   00007ffeb7616a63 fffffffffffffffe
0x000000001dddf3f8:   000000001dddf460 0000000000000000
0x000000001dddf408:   00007ffeb7617fa9 000000002610ce40
0x000000001dddf418:   000000002610b3f0 000000001be75400
0x000000001dddf428:   00007ffeb76868c0 fffffffffffffffe
0x000000001dddf438:   000000002610afb0 0000000000000001
0x000000001dddf448:   0000000026108a88 0000000026108960
0x000000001dddf458:   00007ffeb768e9dd 00007ffeb77bc800
0x000000001dddf468:   00007ffeb76f4e80 000000001be75400
0x000000001dddf478:   00007ffeb6f6c7c0 0000000026108a88
0x000000001dddf488:   0000000026108960 0000000026108960 

Instructions: (pc=0x00007ffec0502224)
0x00007ffec0502204:   cc cc cc cc cc cc 66 0f 1f 44 00 00 8b 05 f2 7d
0x00007ffec0502214:   01 00 83 f8 40 73 0f 65 48 8b 04 c5 80 14 00 00
0x00007ffec0502224:   ff a0 38 0a 00 00 b8 47 01 00 00 e9 ec d4 ff ff
0x00007ffec0502234:   cc cc cc cc cc cc 66 0f 1f 44 00 00 8b 05 c2 7d 


Register to memory mapping:

RAX=0x0000000000000000 is an unknown value
RBX=0x0000000031802710 is an unknown value
RCX=0x0000000000000001 is an unknown value
RDX=0x0000000031802718 is an unknown value
RSP=0x000000001dddf398 is an unknown value
RBP=0x0000000000000000 is an unknown value
RSI=0x000000002610ce40 is an unknown value
RDI=0x000000002610ce40 is an unknown value
R8 =0x000000001dddf418 is an unknown value
R9 =0x000000001be75400 is an unknown value
R10=0x0000000000000000 is an unknown value
R11=0x0000000000000246 is an unknown value
R12=0x0000000000000000 is an unknown value
R13=0x0000000026108aa8 is an unknown value
R14=0x0000000026108960 is an unknown value
R15=0x0000000000000000 is an unknown value


Stack: [0x000000001dce0000,0x000000001dde0000],  sp=0x000000001dddf398,  free space=1020k
Native frames: (J=compiled Java code, j=interpreted, Vv=VM code, C=native code)

VM_Operation (0x00000000023ee430): Exit, mode: safepoint, requested by thread 0x00000000023f4000


---------------  P R O C E S S  ---------------

Java Threads: ( => current thread )
  0x000000001f456000 JavaThread "LWJGL Timer" daemon [_thread_blocked, id=5308, stack(0x0000000038440000,0x0000000038540000)]
  0x00000000201d4800 JavaThread "Java2D Disposer" daemon [_thread_blocked, id=6596, stack(0x0000000024e80000,0x0000000024f80000)]
  0x0000000021c74000 JavaThread "Timer hack thread" daemon [_thread_blocked, id=8420, stack(0x0000000024b80000,0x0000000024c80000)]
  0x0000000023f3b000 JavaThread "Snooper Timer" daemon [_thread_blocked, id=920, stack(0x00000000235b0000,0x00000000236b0000)]
  0x000000001dfaa800 JavaThread "Service Thread" daemon [_thread_blocked, id=6084, stack(0x000000001eac0000,0x000000001ebc0000)]
  0x000000001df1c000 JavaThread "C1 CompilerThread3" daemon [_thread_blocked, id=5908, stack(0x000000001e9c0000,0x000000001eac0000)]
  0x000000001df12000 JavaThread "C2 CompilerThread2" daemon [_thread_blocked, id=1840, stack(0x000000001e8c0000,0x000000001e9c0000)]
  0x000000001df0f000 JavaThread "C2 CompilerThread1" daemon [_thread_blocked, id=4304, stack(0x000000001e7c0000,0x000000001e8c0000)]
  0x000000001df0c800 JavaThread "C2 CompilerThread0" daemon [_thread_blocked, id=1648, stack(0x000000001e6c0000,0x000000001e7c0000)]
  0x000000001df0b000 JavaThread "Attach Listener" daemon [_thread_blocked, id=8492, stack(0x000000001e5c0000,0x000000001e6c0000)]
  0x000000001df0a000 JavaThread "Signal Dispatcher" daemon [_thread_blocked, id=6120, stack(0x000000001e4c0000,0x000000001e5c0000)]
  0x000000001df00800 JavaThread "Finalizer" daemon [_thread_blocked, id=4456, stack(0x000000001e2e0000,0x000000001e3e0000)]
  0x00000000024ea000 JavaThread "Reference Handler" daemon [_thread_blocked, id=5476, stack(0x000000001dde0000,0x000000001dee0000)]
  0x00000000023f4000 JavaThread "Client thread" [_thread_blocked, id=6664, stack(0x00000000022f0000,0x00000000023f0000)]

Other Threads:
=>0x000000001bfe9000 VMThread [stack: 0x000000001dce0000,0x000000001dde0000] [id=260]

VM state:at safepoint (shutting down)

VM Mutex/Monitor currently owned by a thread:  ([mutex/lock_event])
[0x00000000023f17d0] Threads_lock - owner thread: 0x000000001bfe9000

Heap:
 PSYoungGen      total 466432K, used 54135K [0x000000076ab80000, 0x0000000791b00000, 0x00000007c0000000)
  eden space 398336K, 12% used [0x000000076ab80000,0x000000076db6b9b0,0x0000000783080000)
  from space 68096K, 7% used [0x0000000783080000,0x0000000783572360,0x0000000787300000)
  to   space 67072K, 0% used [0x000000078d980000,0x000000078d980000,0x0000000791b00000)
 ParOldGen       total 284672K, used 122379K [0x00000006c0200000, 0x00000006d1800000, 0x000000076ab80000)
  object space 284672K, 42% used [0x00000006c0200000,0x00000006c7982d28,0x00000006d1800000)
 Metaspace       used 32429K, capacity 32713K, committed 33024K, reserved 1079296K
  class space    used 3969K, capacity 4069K, committed 4096K, reserved 1048576K

Card table byte_map: [0x00000000118b0000,0x00000000120b0000] byte_map_base: 0x000000000e2af000

Marking Bits: (ParMarkBitMap*) 0x0000000077f72f70
 Begin Bits: [0x0000000012e10000, 0x0000000016e08000)
 End Bits:   [0x0000000016e08000, 0x000000001ae00000)

Polling page: 0x0000000000960000

CodeCache: size=245760Kb used=14571Kb max_used=14571Kb free=231188Kb
 bounds [0x00000000024f0000, 0x0000000003380000, 0x00000000114f0000]
 total_blobs=4613 nmethods=3912 adapters=614
 compilation: enabled

Compilation events (10 events):
Event: 41.126 Thread 0x000000001df1c000 5142       3       net.minecraft.client.audio.SoundHandler::isSoundPlaying (9 bytes)
Event: 41.126 Thread 0x000000001df1c000 nmethod 5142 0x00000000030e01d0 code [0x00000000030e0340, 0x00000000030e04e8]
Event: 41.126 Thread 0x000000001df1c000 5143       3       net.minecraft.client.audio.SoundManager::isSoundPlaying (84 bytes)
Event: 41.127 Thread 0x000000001df1c000 nmethod 5143 0x00000000027b3790 code [0x00000000027b3960, 0x00000000027b4178]
Event: 41.225 Thread 0x000000001df1c000 5144       1       java.lang.Thread::getThreadGroup (5 bytes)
Event: 41.226 Thread 0x000000001df1c000 nmethod 5144 0x0000000003155410 code [0x0000000003155560, 0x0000000003155670]
Event: 41.365 Thread 0x000000001df1c000 5145       1       net.minecraft.client.Minecraft::isDemo (5 bytes)
Event: 41.365 Thread 0x000000001df1c000 nmethod 5145 0x0000000002c7afd0 code [0x0000000002c7b120, 0x0000000002c7b230]
Event: 41.816 Thread 0x000000001df1c000 5146       3       org.apache.logging.log4j.core.helpers.NameUtil::getSubName (32 bytes)
Event: 41.816 Thread 0x000000001df1c000 nmethod 5146 0x0000000002c200d0 code [0x0000000002c20260, 0x0000000002c207f8]

GC Heap History (10 events):
Event: 12.544 GC heap before
{Heap before GC invocations=12 (full 2):
 PSYoungGen      total 262656K, used 262652K [0x000000076ab80000, 0x0000000782000000, 0x00000007c0000000)
  eden space 246784K, 100% used [0x000000076ab80000,0x0000000779c80000,0x0000000779c80000)
  from space 15872K, 99% used [0x0000000779c80000,0x000000077abff300,0x000000077ac00000)
  to   space 29184K, 0% used [0x0000000780380000,0x0000000780380000,0x0000000782000000)
 ParOldGen       total 129024K, used 59462K [0x00000006c0200000, 0x00000006c8000000, 0x000000076ab80000)
  object space 129024K, 46% used [0x00000006c0200000,0x00000006c3c11a68,0x00000006c8000000)
 Metaspace       used 27633K, capacity 27909K, committed 28160K, reserved 1073152K
  class space    used 3407K, capacity 3517K, committed 3584K, reserved 1048576K
Event: 12.598 GC heap after
Heap after GC invocations=12 (full 2):
 PSYoungGen      total 333824K, used 29161K [0x000000076ab80000, 0x0000000785500000, 0x00000007c0000000)
  eden space 304640K, 0% used [0x000000076ab80000,0x000000076ab80000,0x000000077d500000)
  from space 29184K, 99% used [0x0000000780380000,0x0000000781ffa438,0x0000000782000000)
  to   space 47616K, 0% used [0x000000077d500000,0x000000077d500000,0x0000000780380000)
 ParOldGen       total 129024K, used 98244K [0x00000006c0200000, 0x00000006c8000000, 0x000000076ab80000)
  object space 129024K, 76% used [0x00000006c0200000,0x00000006c61f11f0,0x00000006c8000000)
 Metaspace       used 27633K, capacity 27909K, committed 28160K, reserved 1073152K
  class space    used 3407K, capacity 3517K, committed 3584K, reserved 1048576K
}
Event: 14.874 GC heap before
{Heap before GC invocations=13 (full 2):
 PSYoungGen      total 333824K, used 333801K [0x000000076ab80000, 0x0000000785500000, 0x00000007c0000000)
  eden space 304640K, 100% used [0x000000076ab80000,0x000000077d500000,0x000000077d500000)
  from space 29184K, 99% used [0x0000000780380000,0x0000000781ffa438,0x0000000782000000)
  to   space 47616K, 0% used [0x000000077d500000,0x000000077d500000,0x0000000780380000)
 ParOldGen       total 129024K, used 98244K [0x00000006c0200000, 0x00000006c8000000, 0x000000076ab80000)
  object space 129024K, 76% used [0x00000006c0200000,0x00000006c61f11f0,0x00000006c8000000)
 Metaspace       used 28101K, capacity 28357K, committed 28672K, reserved 1075200K
  class space    used 3471K, capacity 3581K, committed 3584K, reserved 1048576K
Event: 14.925 GC heap after
Heap after GC invocations=13 (full 2):
 PSYoungGen      total 352256K, used 47599K [0x000000076ab80000, 0x000000078d480000, 0x00000007c0000000)
  eden space 304640K, 0% used [0x000000076ab80000,0x000000076ab80000,0x000000077d500000)
  from space 47616K, 99% used [0x000000077d500000,0x000000078037be90,0x0000000780380000)
  to   space 70144K, 0% used [0x0000000789000000,0x0000000789000000,0x000000078d480000)
 ParOldGen       total 137728K, used 137416K [0x00000006c0200000, 0x00000006c8880000, 0x000000076ab80000)
  object space 137728K, 99% used [0x00000006c0200000,0x00000006c8832160,0x00000006c8880000)
 Metaspace       used 28101K, capacity 28357K, committed 28672K, reserved 1075200K
  class space    used 3471K, capacity 3581K, committed 3584K, reserved 1048576K
}
Event: 14.925 GC heap before
{Heap before GC invocations=14 (full 3):
 PSYoungGen      total 352256K, used 47599K [0x000000076ab80000, 0x000000078d480000, 0x00000007c0000000)
  eden space 304640K, 0% used [0x000000076ab80000,0x000000076ab80000,0x000000077d500000)
  from space 47616K, 99% used [0x000000077d500000,0x000000078037be90,0x0000000780380000)
  to   space 70144K, 0% used [0x0000000789000000,0x0000000789000000,0x000000078d480000)
 ParOldGen       total 137728K, used 137416K [0x00000006c0200000, 0x00000006c8880000, 0x000000076ab80000)
  object space 137728K, 99% used [0x00000006c0200000,0x00000006c8832160,0x00000006c8880000)
 Metaspace       used 28101K, capacity 28357K, committed 28672K, reserved 1075200K
  class space    used 3471K, capacity 3581K, committed 3584K, reserved 1048576K
Event: 15.048 GC heap after
Heap after GC invocations=14 (full 3):
 PSYoungGen      total 352256K, used 0K [0x000000076ab80000, 0x000000078d480000, 0x00000007c0000000)
  eden space 304640K, 0% used [0x000000076ab80000,0x000000076ab80000,0x000000077d500000)
  from space 47616K, 0% used [0x000000077d500000,0x000000077d500000,0x0000000780380000)
  to   space 70144K, 0% used [0x0000000789000000,0x0000000789000000,0x000000078d480000)
 ParOldGen       total 284672K, used 116590K [0x00000006c0200000, 0x00000006d1800000, 0x000000076ab80000)
  object space 284672K, 40% used [0x00000006c0200000,0x00000006c73dbae0,0x00000006d1800000)
 Metaspace       used 28101K, capacity 28357K, committed 28672K, reserved 1075200K
  class space    used 3471K, capacity 3581K, committed 3584K, reserved 1048576K
}
Event: 19.939 GC heap before
{Heap before GC invocations=15 (full 3):
 PSYoungGen      total 352256K, used 304640K [0x000000076ab80000, 0x000000078d480000, 0x00000007c0000000)
  eden space 304640K, 100% used [0x000000076ab80000,0x000000077d500000,0x000000077d500000)
  from space 47616K, 0% used [0x000000077d500000,0x000000077d500000,0x0000000780380000)
  to   space 70144K, 0% used [0x0000000789000000,0x0000000789000000,0x000000078d480000)
 ParOldGen       total 284672K, used 116590K [0x00000006c0200000, 0x00000006d1800000, 0x000000076ab80000)
  object space 284672K, 40% used [0x00000006c0200000,0x00000006c73dbae0,0x00000006d1800000)
 Metaspace       used 31462K, capacity 31779K, committed 32000K, reserved 1077248K
  class space    used 3906K, capacity 4036K, committed 4096K, reserved 1048576K
Event: 19.948 GC heap after
Heap after GC invocations=15 (full 3):
 PSYoungGen      total 436736K, used 9997K [0x000000076ab80000, 0x000000078b580000, 0x00000007c0000000)
  eden space 398336K, 0% used [0x000000076ab80000,0x000000076ab80000,0x0000000783080000)
  from space 38400K, 26% used [0x0000000789000000,0x00000007899c3428,0x000000078b580000)
  to   space 68096K, 0% used [0x0000000783080000,0x0000000783080000,0x0000000787300000)
 ParOldGen       total 284672K, used 116598K [0x00000006c0200000, 0x00000006d1800000, 0x000000076ab80000)
  object space 284672K, 40% used [0x00000006c0200000,0x00000006c73ddae0,0x00000006d1800000)
 Metaspace       used 31462K, capacity 31779K, committed 32000K, reserved 1077248K
  class space    used 3906K, capacity 4036K, committed 4096K, reserved 1048576K
}
Event: 30.392 GC heap before
{Heap before GC invocations=16 (full 3):
 PSYoungGen      total 436736K, used 408333K [0x000000076ab80000, 0x000000078b580000, 0x00000007c0000000)
  eden space 398336K, 100% used [0x000000076ab80000,0x0000000783080000,0x0000000783080000)
  from space 38400K, 26% used [0x0000000789000000,0x00000007899c3428,0x000000078b580000)
  to   space 68096K, 0% used [0x0000000783080000,0x0000000783080000,0x0000000787300000)
 ParOldGen       total 284672K, used 116598K [0x00000006c0200000, 0x00000006d1800000, 0x000000076ab80000)
  object space 284672K, 40% used [0x00000006c0200000,0x00000006c73ddae0,0x00000006d1800000)
 Metaspace       used 32221K, capacity 32515K, committed 32768K, reserved 1077248K
  class space    used 3965K, capacity 4068K, committed 4096K, reserved 1048576K
Event: 30.398 GC heap after
Heap after GC invocations=16 (full 3):
 PSYoungGen      total 466432K, used 5064K [0x000000076ab80000, 0x0000000791b00000, 0x00000007c0000000)
  eden space 398336K, 0% used [0x000000076ab80000,0x000000076ab80000,0x0000000783080000)
  from space 68096K, 7% used [0x0000000783080000,0x0000000783572360,0x0000000787300000)
  to   space 67072K, 0% used [0x000000078d980000,0x000000078d980000,0x0000000791b00000)
 ParOldGen       total 284672K, used 122379K [0x00000006c0200000, 0x00000006d1800000, 0x000000076ab80000)
  object space 284672K, 42% used [0x00000006c0200000,0x00000006c7982d28,0x00000006d1800000)
 Metaspace       used 32221K, capacity 32515K, committed 32768K, reserved 1077248K
  class space    used 3965K, capacity 4068K, committed 4096K, reserved 1048576K
}

Deoptimization events (10 events):
Event: 22.376 Thread 0x00000000023f4000 Uncommon trap: reason=speculate_class_check action=maybe_recompile pc=0x0000000002b375c8 method=net.minecraft.client.gui.FontRenderer.renderDefaultChar(IZ)F @ 35
Event: 25.352 Thread 0x00000000023f4000 Uncommon trap: reason=unstable_if action=reinterpret pc=0x000000000298b328 method=java.net.URL.<init>(Ljava/net/URL;Ljava/lang/String;Ljava/net/URLStreamHandler;)V @ 30
Event: 25.352 Thread 0x00000000023f4000 Uncommon trap: reason=unstable_if action=reinterpret pc=0x0000000003040590 method=java.net.URLStreamHandler.parseURL(Ljava/net/URL;Ljava/lang/String;II)V @ 682
Event: 25.357 Thread 0x00000000223d4800 Uncommon trap: reason=unstable_if action=reinterpret pc=0x0000000002c9d3b0 method=cpw.mods.fml.common.asm.transformers.TerminalTransformer$ExitVisitor.visitMethod(ILjava/lang/String;Ljava/lang/String;Ljava/lang/String;[Ljava/lang/String;)Lorg/objectweb/asmÞ!	*j9@
Event: 25.415 Thread 0x00000000223d4800 Uncommon trap: reason=unstable_if action=reinterpret pc=0x0000000002a2db88 method=com.jcraft.jogg.Buffer.read(I)I @ 23
Event: 25.481 Thread 0x00000000023f4000 Uncommon trap: reason=unstable_if action=reinterpret pc=0x0000000002d6e5e0 method=sun.awt.image.ByteInterleavedRaster.setDataElements(IIIIIILjava/awt/image/Raster;)V @ 54
Event: 25.484 Thread 0x00000000023f4000 Uncommon trap: reason=class_check action=maybe_recompile pc=0x00000000031dd588 method=java.awt.image.BufferedImage.getRGB(IIII[III)[I @ 205
Event: 25.484 Thread 0x00000000023f4000 Uncommon trap: reason=class_check action=maybe_recompile pc=0x0000000002b22774 method=java.awt.image.BufferedImage.getRGB(IIII[III)[I @ 205
Event: 34.604 Thread 0x00000000223d7000 Uncommon trap: reason=unstable_if action=reinterpret pc=0x0000000002cf68e8 method=com.jcraft.jorbis.Floor1.inverse1(Lcom/jcraft/jorbis/Block;Ljava/lang/Object;Ljava/lang/Object;)Ljava/lang/Object; @ 461
Event: 41.812 Thread 0x00000000023f4000 Uncommon trap: reason=unstable_if action=reinterpret pc=0x0000000002aafc10 method=cpw.mods.fml.relauncher.FMLSecurityManager.checkPermission(Ljava/security/Permission;)V @ 23

Internal exceptions (10 events):
Event: 27.978 Thread 0x00000000223d4800 Exception <a 'java/lang/InterruptedException': sleep interrupted> (0x0000000781470900) thrown at [C:\re\workspace\8-2-build-windows-amd64-cygwin\jdk8u91\6644\hotspot\src\share\vm\prims\jvm.cpp, line 3167]
Event: 27.978 Thread 0x00000000223d7000 Exception <a 'java/lang/InterruptedException': sleep interrupted> (0x00000007824c09a8) thrown at [C:\re\workspace\8-2-build-windows-amd64-cygwin\jdk8u91\6644\hotspot\src\share\vm\prims\jvm.cpp, line 3215]
Event: 40.259 Thread 0x00000000223d4800 Exception <a 'java/lang/InterruptedException': sleep interrupted> (0x000000076cd4af88) thrown at [C:\re\workspace\8-2-build-windows-amd64-cygwin\jdk8u91\6644\hotspot\src\share\vm\prims\jvm.cpp, line 3215]
Event: 41.225 Thread 0x00000000223d4800 Exception <a 'java/lang/InterruptedException': sleep interrupted> (0x000000076cd4bdf0) thrown at [C:\re\workspace\8-2-build-windows-amd64-cygwin\jdk8u91\6644\hotspot\src\share\vm\prims\jvm.cpp, line 3215]
Event: 41.525 Thread 0x00000000223d4800 Exception <a 'java/lang/InterruptedException': sleep interrupted> (0x000000076cd4c048) thrown at [C:\re\workspace\8-2-build-windows-amd64-cygwin\jdk8u91\6644\hotspot\src\share\vm\prims\jvm.cpp, line 3215]
Event: 41.525 Thread 0x00000000223d4800 Exception <a 'java/lang/InterruptedException': sleep interrupted> (0x000000076cd4ce78) thrown at [C:\re\workspace\8-2-build-windows-amd64-cygwin\jdk8u91\6644\hotspot\src\share\vm\prims\jvm.cpp, line 3167]
Event: 41.559 Thread 0x00000000223d4800 Exception <a 'java/lang/InterruptedException': sleep interrupted> (0x000000076cd4d0d0) thrown at [C:\re\workspace\8-2-build-windows-amd64-cygwin\jdk8u91\6644\hotspot\src\share\vm\prims\jvm.cpp, line 3215]
Event: 41.560 Thread 0x00000000223d4800 Exception <a 'java/lang/InterruptedException': sleep interrupted> (0x000000076cd4d328) thrown at [C:\re\workspace\8-2-build-windows-amd64-cygwin\jdk8u91\6644\hotspot\src\share\vm\prims\jvm.cpp, line 3215]
Event: 41.660 Thread 0x00000000223d7000 Exception <a 'java/lang/InterruptedException': sleep interrupted> (0x000000076d339728) thrown at [C:\re\workspace\8-2-build-windows-amd64-cygwin\jdk8u91\6644\hotspot\src\share\vm\prims\jvm.cpp, line 3215]
Event: 41.812 Thread 0x00000000023f4000 Exception <a 'org/lwjgl/LWJGLException': Failed to set device gamma.> (0x000000076b2a91c8) thrown at [C:\re\workspace\8-2-build-windows-amd64-cygwin\jdk8u91\6644\hotspot\src\share\vm\prims\jni.cpp, line 735]

Events (10 events):
Event: 41.814 loading class javax/servlet/ServletContext done
Event: 41.815 Executing VM operation: RevokeBias
Event: 41.816 Executing VM operation: RevokeBias done
Event: 41.816 loading class javax/servlet/ServletContext
Event: 41.816 loading class javax/servlet/ServletContext done
Event: 41.816 Thread 0x00000000223d9000 Thread exited: 0x00000000223d9000
Event: 41.816 loading class java/io/RandomAccessFile$1
Event: 41.816 loading class java/io/RandomAccessFile$1 done
Event: 41.820 Thread 0x00000000223da000 Thread exited: 0x00000000223da000
Event: 41.821 Executing VM operation: Exit


Dynamic libraries:
0x00007ff7e6f70000 - 0x00007ff7e6fa7000 	C:\Program Files\Java\jre1.8.0_91\bin\javaw.exe
0x00007ffed8bf0000 - 0x00007ffed8db1000 	C:\WINDOWS\SYSTEM32\ntdll.dll
0x00007ffed81a0000 - 0x00007ffed824d000 	C:\WINDOWS\system32\KERNEL32.DLL
0x00007ffed5310000 - 0x00007ffed54f8000 	C:\WINDOWS\system32\KERNELBASE.dll
0x00007ffed80b0000 - 0x00007ffed8157000 	C:\WINDOWS\system32\ADVAPI32.dll
0x00007ffed66e0000 - 0x00007ffed677d000 	C:\WINDOWS\system32\msvcrt.dll
0x00007ffed8b90000 - 0x00007ffed8beb000 	C:\WINDOWS\system32\sechost.dll
0x00007ffed7f90000 - 0x00007ffed80ac000 	C:\WINDOWS\system32\RPCRT4.dll
0x00007ffed6580000 - 0x00007ffed66d6000 	C:\WINDOWS\system32\USER32.dll
0x00007ffed8a00000 - 0x00007ffed8b86000 	C:\WINDOWS\system32\GDI32.dll
0x00007ffec8820000 - 0x00007ffec8a94000 	C:\WINDOWS\WinSxS\amd64_microsoft.windows.common-controls_6595b64144ccf1df_6.0.10586.0_none_8c15ae12515e1c22\COMCTL32.dll
0x00007ffed6300000 - 0x00007ffed657d000 	C:\WINDOWS\system32\combase.dll
0x00007ffed52a0000 - 0x00007ffed530a000 	C:\WINDOWS\system32\bcryptPrimitives.dll
0x00007ffed8160000 - 0x00007ffed819b000 	C:\WINDOWS\system32\IMM32.DLL
0x0000000050d70000 - 0x0000000050e42000 	C:\Program Files\Java\jre1.8.0_91\bin\msvcr100.dll
0x0000000077760000 - 0x0000000077ff3000 	C:\Program Files\Java\jre1.8.0_91\bin\server\jvm.dll
0x00007ffed68a0000 - 0x00007ffed68a8000 	C:\WINDOWS\system32\PSAPI.DLL
0x00007ffec4f40000 - 0x00007ffec4f49000 	C:\WINDOWS\SYSTEM32\WSOCK32.dll
0x00007ffed10d0000 - 0x00007ffed10da000 	C:\WINDOWS\SYSTEM32\VERSION.dll
0x00007ffed3540000 - 0x00007ffed3563000 	C:\WINDOWS\SYSTEM32\WINMM.dll
0x00007ffed60e0000 - 0x00007ffed614b000 	C:\WINDOWS\system32\WS2_32.dll
0x0000000000990000 - 0x00000000009bc000 	C:\WINDOWS\SYSTEM32\WINMMBASE.dll
0x00007ffed5500000 - 0x00007ffed5543000 	C:\WINDOWS\system32\cfgmgr32.dll
0x0000000050f10000 - 0x0000000050f1f000 	C:\Program Files\Java\jre1.8.0_91\bin\verify.dll
0x0000000050ee0000 - 0x0000000050f09000 	C:\Program Files\Java\jre1.8.0_91\bin\java.dll
0x0000000050ec0000 - 0x0000000050ed6000 	C:\Program Files\Java\jre1.8.0_91\bin\zip.dll
0x00007ffed68b0000 - 0x00007ffed7e0c000 	C:\WINDOWS\system32\SHELL32.dll
0x00007ffed58e0000 - 0x00007ffed5f25000 	C:\WINDOWS\system32\windows.storage.dll
0x00007ffed7f20000 - 0x00007ffed7f72000 	C:\WINDOWS\system32\shlwapi.dll
0x00007ffed5280000 - 0x00007ffed528f000 	C:\WINDOWS\system32\kernel.appcore.dll
0x00007ffed5f30000 - 0x00007ffed5fe5000 	C:\WINDOWS\system32\shcore.dll
0x00007ffed5210000 - 0x00007ffed525b000 	C:\WINDOWS\system32\powrprof.dll
0x00007ffed5260000 - 0x00007ffed5274000 	C:\WINDOWS\system32\profapi.dll
0x0000000050d60000 - 0x0000000050d6d000 	C:\Program Files\Java\jre1.8.0_91\bin\management.dll
0x0000000050ea0000 - 0x0000000050eba000 	C:\Program Files\Java\jre1.8.0_91\bin\net.dll
0x00007ffed4b40000 - 0x00007ffed4b9c000 	C:\WINDOWS\system32\mswsock.dll
0x0000000050e80000 - 0x0000000050e91000 	C:\Program Files\Java\jre1.8.0_91\bin\nio.dll
0x00007ffec7f50000 - 0x00007ffec7f66000 	C:\WINDOWS\system32\napinsp.dll
0x00007ffec7f70000 - 0x00007ffec7f8a000 	C:\WINDOWS\system32\pnrpnsp.dll
0x00007ffed3210000 - 0x00007ffed3228000 	C:\WINDOWS\system32\NLAapi.dll
0x00007ffed3c30000 - 0x00007ffed3cda000 	C:\WINDOWS\SYSTEM32\DNSAPI.dll
0x00007ffed82b0000 - 0x00007ffed82b8000 	C:\WINDOWS\system32\NSI.dll
0x00007ffec7f90000 - 0x00007ffec7f9d000 	C:\WINDOWS\System32\winrnr.dll
0x00007ffecda70000 - 0x00007ffecda7a000 	C:\Windows\System32\rasadhlp.dll
0x00007ffed04a0000 - 0x00007ffed04d8000 	C:\WINDOWS\SYSTEM32\IPHLPAPI.DLL
0x00007ffed02d0000 - 0x00007ffed0337000 	C:\WINDOWS\System32\fwpuclnt.dll
0x00007ffed5140000 - 0x00007ffed5169000 	C:\WINDOWS\SYSTEM32\bcrypt.dll
0x0000000050e50000 - 0x0000000050e74000 	C:\Program Files\Java\jre1.8.0_91\bin\sunec.dll
0x00007ffed4bf0000 - 0x00007ffed4c07000 	C:\WINDOWS\SYSTEM32\CRYPTSP.dll
0x00007ffed4880000 - 0x00007ffed48b4000 	C:\WINDOWS\system32\rsaenh.dll
0x00007ffed49d0000 - 0x00007ffed49ef000 	C:\WINDOWS\SYSTEM32\USERENV.dll
0x00007ffed4d10000 - 0x00007ffed4d1b000 	C:\WINDOWS\SYSTEM32\CRYPTBASE.dll
0x00007ffecfe50000 - 0x00007ffecfe66000 	C:\WINDOWS\SYSTEM32\dhcpcsvc6.DLL
0x00007ffecfe30000 - 0x00007ffecfe4a000 	C:\WINDOWS\SYSTEM32\dhcpcsvc.DLL
0x0000000180000000 - 0x0000000180051000 	C:\Users\WowCh\.gradle\caches\minecraft\net\minecraft\minecraft_natives\1.7.10\lwjgl64.dll
0x00007ffec0420000 - 0x00007ffec0549000 	C:\WINDOWS\SYSTEM32\OPENGL32.dll
0x00007ffeb91a0000 - 0x00007ffeb929a000 	C:\WINDOWS\SYSTEM32\DDRAW.dll
0x00007ffec9ea0000 - 0x00007ffec9ece000 	C:\WINDOWS\SYSTEM32\GLU32.dll
0x00007ffec2df0000 - 0x00007ffec2df8000 	C:\WINDOWS\SYSTEM32\DCIMAN32.dll
0x00000000775c0000 - 0x0000000077758000 	C:\Program Files\Java\jre1.8.0_91\bin\awt.dll
0x00007ffed6010000 - 0x00007ffed60d1000 	C:\WINDOWS\system32\OLEAUT32.dll
0x00007ffed3a00000 - 0x00007ffed3a79000 	C:\WINDOWS\system32\apphelp.dll
0x00007ffed3b90000 - 0x00007ffed3c26000 	C:\WINDOWS\system32\uxtheme.dll
0x00007ffed88a0000 - 0x00007ffed89fa000 	C:\WINDOWS\system32\MSCTF.dll
0x00007ffec9db0000 - 0x00007ffec9ddb000 	C:\PROGRA~2\RAPTRI~1\PlaysTV\ltc_help64-112298.dll
0x00007ffed5550000 - 0x00007ffed55a5000 	C:\WINDOWS\system32\WINTRUST.dll
0x00007ffed5290000 - 0x00007ffed52a0000 	C:\WINDOWS\system32\MSASN1.dll
0x00007ffed5660000 - 0x00007ffed5827000 	C:\WINDOWS\system32\CRYPT32.dll
0x00007ffeb9170000 - 0x00007ffeb919b000 	C:\PROGRA~2\RAPTRI~1\Raptr\ltc_help64-112298.dll
0x00007ffed2f50000 - 0x00007ffed2f72000 	C:\WINDOWS\system32\dwmapi.dll
0x00007ffec9d90000 - 0x00007ffec9da8000 	C:\WINDOWS\SYSTEM32\atig6pxx.dll
0x0000000075810000 - 0x00000000775b3000 	C:\WINDOWS\SYSTEM32\atio6axx.dll
0x00007ffed8470000 - 0x00007ffed8899000 	C:\WINDOWS\system32\SETUPAPI.dll
0x00007ffeb7fa0000 - 0x00007ffeb80e8000 	C:\WINDOWS\SYSTEM32\atiadlxx.dll
0x00007ffed6150000 - 0x00007ffed6293000 	C:\WINDOWS\system32\ole32.dll
0x00007ffed2890000 - 0x00007ffed28a3000 	C:\WINDOWS\SYSTEM32\WTSAPI32.dll
0x00007ffed2dc0000 - 0x00007ffed2f46000 	C:\WINDOWS\SYSTEM32\PROPSYS.dll
0x00007ffed3ce0000 - 0x00007ffed3d07000 	C:\WINDOWS\SYSTEM32\DEVOBJ.dll
0x00007ffec8430000 - 0x00007ffec845c000 	C:\WINDOWS\SYSTEM32\atig6txx.dll
0x00007ffeb83c0000 - 0x00007ffeb8451000 	C:\WINDOWS\SYSTEM32\mscms.dll
0x00007ffeb8370000 - 0x00007ffeb83b2000 	C:\WINDOWS\SYSTEM32\icm32.dll
0x0000000070a40000 - 0x0000000070adc000 	C:\Users\WowCh\.gradle\caches\minecraft\net\minecraft\minecraft_natives\1.7.10\avutil-ttv-51.dll
0x0000000065980000 - 0x00000000659d6000 	C:\Users\WowCh\.gradle\caches\minecraft\net\minecraft\minecraft_natives\1.7.10\swresample-ttv-0.dll
0x000000006eb80000 - 0x000000006ec50000 	C:\Users\WowCh\.gradle\caches\minecraft\net\minecraft\minecraft_natives\1.7.10\libmp3lame-ttv.dll
0x00007ffea8eb0000 - 0x00007ffeaa254000 	C:\Users\WowCh\.gradle\caches\minecraft\net\minecraft\minecraft_natives\1.7.10\libmfxsw64.dll
0x00007ffeb7ba0000 - 0x00007ffeb7ccb000 	C:\Users\WowCh\.gradle\caches\minecraft\net\minecraft\minecraft_natives\1.7.10\twitchsdk.dll
0x00007ffec80e0000 - 0x00007ffec8389000 	C:\WINDOWS\SYSTEM32\WININET.dll
0x00007ffed5ff0000 - 0x00007ffed600c000 	C:\WINDOWS\system32\imagehlp.dll
0x00007ffed4210000 - 0x00007ffed4234000 	C:\WINDOWS\SYSTEM32\gpapi.dll
0x00007ffed1750000 - 0x00007ffed177f000 	C:\Windows\System32\cryptnet.dll
0x00007ffed0350000 - 0x00007ffed035b000 	C:\WINDOWS\SYSTEM32\WINNSI.DLL
0x00007ffeb75b0000 - 0x00007ffeb77d8000 	C:\PROGRA~2\RAPTRI~1\PlaysTV\ltc_game64-112298.dll
0x00007ffeb6f20000 - 0x00007ffeb714b000 	C:\PROGRA~2\RAPTRI~1\Raptr\ltc_game64-112298.dll
0x0000000024ad0000 - 0x0000000024b34000 	C:\Users\WowCh\.gradle\caches\minecraft\net\minecraft\minecraft_natives\1.7.10\OpenAL64.dll
0x00007ffed67f0000 - 0x00007ffed6897000 	C:\WINDOWS\system32\clbcatq.dll
0x00007ffed1880000 - 0x00007ffed18f0000 	C:\WINDOWS\System32\MMDevApi.dll
0x00007ffeb6a70000 - 0x00007ffeb6b0c000 	C:\WINDOWS\SYSTEM32\dsound.dll
0x00007ffec0db0000 - 0x00007ffec0e38000 	C:\WINDOWS\SYSTEM32\AUDIOSES.DLL
0x00007ffed1b80000 - 0x00007ffed1cb6000 	C:\WINDOWS\SYSTEM32\wintypes.dll
0x00007ffea8ab0000 - 0x00007ffea8c3c000 	C:\WINDOWS\SYSTEM32\dbghelp.dll

VM Arguments:
jvm_args: -Dfile.encoding=Cp1252 
java_command: GradleStart --username=chanze@charter.net --password=456we456
java_class_path (initial): E:\modding\tinkersenchantments\bin;E:\modding\forge\bin;C:\Users\WowCh\.gradle\caches\minecraft\net\minecraftforge\forge\1.7.10-10.13.4.1614-1.7.10\forgeSrc-1.7.10-10.13.4.1614-1.7.10.jar;C:\Users\WowCh\.gradle\caches\modules-2\files-2.1\net.minecraft\launchwrapper\1.12\111e7bea9c968cdb3d06ef4632bf7ff0824d0f36\launchwrapper-1.12.jar;C:\Users\WowCh\.gradle\caches\modules-2\files-2.1\com.google.code.findbugs\jsr305\1.3.9\40719ea6961c0cb6afaeb6a921eaa1f6afd4cfdf\jsr305-1.3.9.jar;C:\Users\WowCh\.gradle\caches\modules-2\files-2.1\org.ow2.asm\asm-debug-all\5.0.3\f9e364ae2a66ce2a543012a4668856e84e5dab74\asm-debug-all-5.0.3.jar;C:\Users\WowCh\.gradle\caches\modules-2\files-2.1\com.typesafe.akka\akka-actor_2.11\2.3.3\ed62e9fc709ca0f2ff1a3220daa8b70a2870078e\akka-actor_2.11-2.3.3.jar;C:\Users\WowCh\.gradle\caches\modules-2\files-2.1\com.typesafe\config\1.2.1\f771f71fdae3df231bcd54d5ca2d57f0bf93f467\config-1.2.1.jar;C:\Users\WowCh\.gradle\caches\modules-2\files-2.1\org.scala-lang\scala-actors-migration_2.11\1.1.0\dfa8bc42b181d5b9f1a5dd147f8ae308b893eb6f\scala-actors-migration_2.11-1.1.0.jar;C:\Users\WowCh\.gradle\caches\modules-2\files-2.1\org.scala-lang\scala-compiler\2.11.1\56ea2e6c025e0821f28d73ca271218b8dd04926a\scala-compiler-2.11.1.jar;C:\Users\WowCh\.gradle\caches\modules-2\files-2.1\org.scala-lang.plugins\scala-continuations-library_2.11\1.0.2\e517c53a7e9acd6b1668c5a35eccbaa3bab9aac\scala-continuations-library_2.11-1.0.2.jar;C:\Users\WowCh\.gradle\caches\modules-2\files-2.1\org.scala-lang.plugins\scala-continuations-plugin_2.11.1\1.0.2\f361a3283452c57fa30c1ee69448995de23c60f7\scala-continuations-plugin_2.11.1-1.0.2.jar;C:\Users\WowCh\.gradle\caches\modules-2\files-2.1\org.scala-lang\scala-library\2.11.1\e11da23da3eabab9f4777b9220e60d44c1aab6a\scala-library-2.11.1.jar;C:\Users\WowCh\.gradle\caches\modules-2\files-2.1\org.scala-lang\scala-parser-combinators_2.11\1.0.1\f05d7345bf5a58924f2837c6c1f4d73a938e1ff0\scala-parser-combinators_2.11-1.0.
Launcher Type: SUN_STANDARD

Environment Variables:
PATH=C:/Program Files/Java/jre1.8.0_91/bin/server;C:/Program Files/Java/jre1.8.0_91/bin;C:/Program Files/Java/jre1.8.0_91/lib/amd64;C:\ProgramData\Oracle\Java\javapath;C:\WINDOWS\system32;C:\WINDOWS;C:\WINDOWS\System32\Wbem;C:\WINDOWS\System32\WindowsPowerShell\v1.0\;C:\Program Files (x86)\Skype\Phone\;C:\Perl64\bin\;C:\Program Files (x86)\Common Files\Adobe\AGL;C:\Program Files\Java\jdk1.8.0_91\bin;C:\Users\WowCh\Desktop\eclipse;
USERNAME=WowCh
OS=Windows_NT
PROCESSOR_IDENTIFIER=Intel64 Family 6 Model 26 Stepping 5, GenuineIntel



---------------  S Y S T E M  ---------------

OS: Windows 10.0 , 64 bit Build 10586 (10.0.10586.0)

CPU:total 8 (4 cores per cpu, 2 threads per core) family 6 model 26 stepping 5, cmov, cx8, fxsr, mmx, sse, sse2, sse3, ssse3, sse4.1, sse4.2, popcnt, ht, tsc, tscinvbit, tscinv

Memory: 4k page, physical 16767844k(11942864k free), swap 24370020k(17495580k free)

vm_info: Java HotSpot(TM) 64-Bit Server VM (25.91-b14) for windows-amd64 JRE (1.8.0_91-b14), built on Apr  1 2016 00:58:32 by "java_re" with MS VC++ 10.0 (VS2010)

time: Mon May 09 11:55:18 2016
elapsed time: 42 seconds (0d 0h 0m 42s)

